<?xml version="1.0" encoding="UTF-8" ?>
<testsuite tests="1" failures="0" name="runner.RunnerTest" time="0.114" errors="1" skipped="0">
  <properties>
[...]
</properties>
  <testcase classname="Title of your feature" name="Title of your scenario" time="0.114">
    <error message="The path to the driver executable The path to the driver executable must be set by the webdriver.chrome.driver system property; for more information, see https://github.com/SeleniumHQ/selenium/wiki/ChromeDriver. The latest version can be downloaded from https://chromedriver.storage.googleapis.com/index.html" type="java.lang.IllegalStateException">java.lang.IllegalStateException: The path to the driver executable The path to the driver executable must be set by the webdriver.chrome.driver system property; for more information, see https://github.com/SeleniumHQ/selenium/wiki/ChromeDriver. The latest version can be downloaded from https://chromedriver.storage.googleapis.com/index.html
	at org.openqa.selenium.internal.Require$StateChecker.nonNull(Require.java:311)
	at org.openqa.selenium.remote.service.DriverService.findExecutable(DriverService.java:135)
	at org.openqa.selenium.chrome.ChromeDriverService.access$000(ChromeDriverService.java:38)
	at org.openqa.selenium.chrome.ChromeDriverService$Builder.findDefaultExecutable(ChromeDriverService.java:231)
	at org.openqa.selenium.remote.service.DriverService$Builder.build(DriverService.java:437)
	at org.openqa.selenium.chrome.ChromeDriverService.createDefaultService(ChromeDriverService.java:127)
	at org.openqa.selenium.chrome.ChromeDriver.&lt;init&gt;(ChromeDriver.java:48)
	at stepDefinitions.LoginStep.i_want_to_write_a_step_with_precondition(LoginStep.java:15)
	at ✽.I want to write a step with precondition(file:///C:/Users/212708232/Desktop/Income%20Proof/DemoProject/src/test/resources/featureFiles/Login.feature:7)
</error>
  </testcase>
</testsuite>